=== Inverse inequality check ===
H=3 h=7 ell=2 coeff=unit solver=eigen basis=lod space=free
OpenMP threads: 8
Coarse elements: 128  Fine elements: 32768
Setup: 171.926 ms
Inverse scan: 26.1761 ms

Q_T = H_T * ||grad (1-C)v||_T / ||(1-C)v||_T
min     : 17.3196
median  : 62.2411
p90     : 78.296
p99     : 78.6532
max     : 78.6532
argmax T: 119
	Command being timed: "./build/benchmarks/bench_inverse_inequality --H=3 --h=7 --ell=2 --basis=lod --coeff=unit --solver=auto --threads=8 --space=free"
	User time (seconds): 0.76
	System time (seconds): 0.08
	Percent of CPU this job got: 406%
	Elapsed (wall clock) time (h:mm:ss or m:ss): 0:00.20
	Average shared text size (kbytes): 0
	Average unshared data size (kbytes): 0
	Average stack size (kbytes): 0
	Average total size (kbytes): 0
	Maximum resident set size (kbytes): 124816
	Average resident set size (kbytes): 0
	Major (requiring I/O) page faults: 0
	Minor (reclaiming a frame) page faults: 39575
	Voluntary context switches: 32
	Involuntary context switches: 1
	Swaps: 0
	File system inputs: 0
	File system outputs: 8
	Socket messages sent: 0
	Socket messages received: 0
	Signals delivered: 0
	Page size (bytes): 4096
	Exit status: 0
