=== Inverse inequality check ===
H=3 h=8 ell=2 coeff=unit solver=eigen basis=lod space=free
OpenMP threads: 8
Coarse elements: 128  Fine elements: 131072
Setup: 778.511 ms
Inverse scan: 88.8863 ms

Q_T = H_T * ||grad (1-C)v||_T / ||(1-C)v||_T
min     : 17.2456
median  : 72.3493
p90     : 99.6183
p99     : 101.896
max     : 101.896
argmax T: 110
	Command being timed: "./build/benchmarks/bench_inverse_inequality --H=3 --h=8 --ell=2 --basis=lod --coeff=unit --solver=auto --threads=8 --space=free"
	User time (seconds): 3.50
	System time (seconds): 0.28
	Percent of CPU this job got: 420%
	Elapsed (wall clock) time (h:mm:ss or m:ss): 0:00.90
	Average shared text size (kbytes): 0
	Average unshared data size (kbytes): 0
	Average stack size (kbytes): 0
	Average total size (kbytes): 0
	Maximum resident set size (kbytes): 510008
	Average resident set size (kbytes): 0
	Major (requiring I/O) page faults: 0
	Minor (reclaiming a frame) page faults: 146653
	Voluntary context switches: 30
	Involuntary context switches: 10
	Swaps: 0
	File system inputs: 0
	File system outputs: 8
	Socket messages sent: 0
	Socket messages received: 0
	Signals delivered: 0
	Page size (bytes): 4096
	Exit status: 0
