=== Inverse inequality check ===
H=3 h=9 ell=2 coeff=unit solver=eigen basis=lod space=free
OpenMP threads: 8
Coarse elements: 128  Fine elements: 524288
Setup: 4618.13 ms
Inverse scan: 365.505 ms

Q_T = H_T * ||grad (1-C)v||_T / ||(1-C)v||_T
min     : 17.2238
median  : 76.4449
p90     : 109.619
p99     : 113.477
max     : 113.477
argmax T: 119
	Command being timed: "./build/benchmarks/bench_inverse_inequality --H=3 --h=9 --ell=2 --basis=lod --coeff=unit --solver=auto --threads=8 --space=free"
	User time (seconds): 21.53
	System time (seconds): 1.50
	Percent of CPU this job got: 453%
	Elapsed (wall clock) time (h:mm:ss or m:ss): 0:05.08
	Average shared text size (kbytes): 0
	Average unshared data size (kbytes): 0
	Average stack size (kbytes): 0
	Average total size (kbytes): 0
	Maximum resident set size (kbytes): 1883448
	Average resident set size (kbytes): 0
	Major (requiring I/O) page faults: 0
	Minor (reclaiming a frame) page faults: 849006
	Voluntary context switches: 53
	Involuntary context switches: 38
	Swaps: 0
	File system inputs: 0
	File system outputs: 8
	Socket messages sent: 0
	Socket messages received: 0
	Signals delivered: 0
	Page size (bytes): 4096
	Exit status: 0
