=== Inverse inequality check ===
H=3 h=12 ell=2 coeff=unit solver=cholmod basis=lod space=free
OpenMP threads: 8
Coarse elements: 128  Fine elements: 33554432
Setup: 1.23107e+06 ms
Inverse scan: 37135.8 ms

Q_T = H_T * ||grad (1-C)v||_T / ||(1-C)v||_T
min     : 17.2162
median  : 78.0706
p90     : 114.019
p99     : 118.697
max     : 118.697
argmax T: 119
	Command being timed: "./build/benchmarks/bench_inverse_inequality --H=3 --h=12 --ell=2 --basis=lod --coeff=unit --solver=auto --threads=8 --space=free"
	User time (seconds): 6128.08
	System time (seconds): 1691.49
	Percent of CPU this job got: 615%
	Elapsed (wall clock) time (h:mm:ss or m:ss): 21:11.39
	Average shared text size (kbytes): 0
	Average unshared data size (kbytes): 0
	Average stack size (kbytes): 0
	Average total size (kbytes): 0
	Maximum resident set size (kbytes): 90761200
	Average resident set size (kbytes): 0
	Major (requiring I/O) page faults: 0
	Minor (reclaiming a frame) page faults: 303414224
	Voluntary context switches: 109666549
	Involuntary context switches: 17195
	Swaps: 0
	File system inputs: 0
	File system outputs: 8
	Socket messages sent: 0
	Socket messages received: 0
	Signals delivered: 0
	Page size (bytes): 4096
	Exit status: 0
