=== Inverse inequality check ===
H=3 h=10 ell=2 coeff=unit solver=cholmod basis=lod space=free
OpenMP threads: 8
Coarse elements: 128  Fine elements: 2097152
Setup: 31622.6 ms
Inverse scan: 1555.1 ms

Q_T = H_T * ||grad (1-C)v||_T / ||(1-C)v||_T
min     : 17.218
median  : 77.6661
p90     : 112.885
p99     : 117.342
max     : 117.342
argmax T: 119
	Command being timed: "./build/benchmarks/bench_inverse_inequality --H=3 --h=10 --ell=2 --basis=lod --coeff=unit --solver=auto --threads=8 --space=free"
	User time (seconds): 147.01
	System time (seconds): 31.52
	Percent of CPU this job got: 533%
	Elapsed (wall clock) time (h:mm:ss or m:ss): 0:33.49
	Average shared text size (kbytes): 0
	Average unshared data size (kbytes): 0
	Average stack size (kbytes): 0
	Average total size (kbytes): 0
	Maximum resident set size (kbytes): 6338088
	Average resident set size (kbytes): 0
	Major (requiring I/O) page faults: 0
	Minor (reclaiming a frame) page faults: 12407767
	Voluntary context switches: 369
	Involuntary context switches: 419
	Swaps: 0
	File system inputs: 0
	File system outputs: 8
	Socket messages sent: 0
	Socket messages received: 0
	Signals delivered: 0
	Page size (bytes): 4096
	Exit status: 0
