=== Inverse inequality check ===
H=2 h=10 ell=2 coeff=unit solver=cholmod basis=lod numerator=corrector space=free
OpenMP threads: 8
Coarse elements: 32  Fine elements: 2097152
Setup: 68137.8 ms
Inverse scan: 2294 ms

Q_T = H_T * ||grad C v||_T / ||(1-C)v||_T
min     : 20.5478
median  : 97.1828
p90     : 1546.74
p99     : 1546.74
max     : 1546.74
argmax T: 21
	Command being timed: "./build/benchmarks/bench_inverse_inequality --H=2 --h=10 --ell=2 --basis=lod --numerator=corrector --coeff=unit --solver=auto --threads=8"
	User time (seconds): 356.52
	System time (seconds): 53.90
	Percent of CPU this job got: 580%
	Elapsed (wall clock) time (h:mm:ss or m:ss): 1:10.75
	Average shared text size (kbytes): 0
	Average unshared data size (kbytes): 0
	Average stack size (kbytes): 0
	Average total size (kbytes): 0
	Maximum resident set size (kbytes): 8149436
	Average resident set size (kbytes): 0
	Major (requiring I/O) page faults: 62
	Minor (reclaiming a frame) page faults: 9177048
	Voluntary context switches: 26166
	Involuntary context switches: 656
	Swaps: 0
	File system inputs: 10112
	File system outputs: 0
	Socket messages sent: 0
	Socket messages received: 0
	Signals delivered: 0
	Page size (bytes): 4096
	Exit status: 0
