=== Inverse inequality check ===
H=3 h=10 ell=2 coeff=unit solver=cholmod basis=lod numerator=corrector space=free
OpenMP threads: 8
Coarse elements: 128  Fine elements: 2097152
Setup: 61439.3 ms
Inverse scan: 4185.29 ms

Q_T = H_T * ||grad C v||_T / ||(1-C)v||_T
min     : 20.5445
median  : 5498.69
p90     : inf
p99     : inf
max     : inf
argmax T: 53
	Command being timed: "./build/benchmarks/bench_inverse_inequality --H=3 --h=10 --ell=2 --basis=lod --numerator=corrector --coeff=unit --solver=auto --threads=8"
	User time (seconds): 327.28
	System time (seconds): 52.59
	Percent of CPU this job got: 587%
	Elapsed (wall clock) time (h:mm:ss or m:ss): 1:04.65
	Average shared text size (kbytes): 0
	Average unshared data size (kbytes): 0
	Average stack size (kbytes): 0
	Average total size (kbytes): 0
	Maximum resident set size (kbytes): 6356512
	Average resident set size (kbytes): 0
	Major (requiring I/O) page faults: 0
	Minor (reclaiming a frame) page faults: 12981967
	Voluntary context switches: 284
	Involuntary context switches: 617
	Swaps: 0
	File system inputs: 0
	File system outputs: 0
	Socket messages sent: 0
	Socket messages received: 0
	Signals delivered: 0
	Page size (bytes): 4096
	Exit status: 0
