=== Inverse inequality check ===
H=5 h=10 ell=2 coeff=unit solver=cholmod basis=lod numerator=corrector space=free
OpenMP threads: 8
Coarse elements: 2048  Fine elements: 2097152
Setup: 40967.6 ms
Inverse scan: 3968.82 ms

Q_T = H_T * ||grad C v||_T / ||(1-C)v||_T
min     : 20.4796
median  : inf
p90     : inf
p99     : inf
max     : inf
argmax T: 719
	Command being timed: "./build/benchmarks/bench_inverse_inequality --H=5 --h=10 --ell=2 --basis=lod --numerator=corrector --coeff=unit --solver=auto --threads=8"
	User time (seconds): 234.32
	System time (seconds): 18.60
	Percent of CPU this job got: 559%
	Elapsed (wall clock) time (h:mm:ss or m:ss): 0:45.19
	Average shared text size (kbytes): 0
	Average unshared data size (kbytes): 0
	Average stack size (kbytes): 0
	Average total size (kbytes): 0
	Maximum resident set size (kbytes): 6199624
	Average resident set size (kbytes): 0
	Major (requiring I/O) page faults: 0
	Minor (reclaiming a frame) page faults: 3875314
	Voluntary context switches: 735
	Involuntary context switches: 465
	Swaps: 0
	File system inputs: 0
	File system outputs: 0
	Socket messages sent: 0
	Socket messages received: 0
	Signals delivered: 0
	Page size (bytes): 4096
	Exit status: 0
